     1                                 %line 1+1 assembly/addition.asm
     2                                 [section .data]
     3                                 
     4                                 SYS_EXIT equ 60
     5                                 EXIT_SUCCESS equ 0
     6                                 
     7                                 
     8 00000000 00                     b1 db 0
     9 00000001 03                     b2 db 3
    10 00000002 05                     b3 db 5
    11 00000003 07                     b4 db 7
    12                                 
    13 00000004 F8                     test_neg db -8
    14 00000005 64                     test_neg2 db 100
    15                                 
    16 00000006 0A                     b5 db 10
    17 00000007 F8                     b6 db -8
    18                                 
    19 00000008 0000                   w1 dw 0
    20                                 
    21 0000000A 2A                     bNum1 db 42
    22 0000000B 49                     bNum2 db 73
    23 0000000C 00                     bAns db 0
    24                                 
    25 0000000D E110                   wNum1 dw 4321
    26 0000000F D204                   wNum2 dw 1234
    27 00000011 0000                   wAns dw 0
    28                                 
    29 00000013 10A40000               dNum1 dd 42000
    30 00000017 281D0100               dNum2 dd 73000
    31 0000001B 00000000               dAns dd 0
    32                                 
    33 0000001F 80DE800200000000       qNum1 dq 42000000
    34 00000027 40E4590400000000       qNum2 dq 73000000
    35 0000002F 0000000000000000       qAns dq 0
    36                                 
    37 00000037 00000000000000A001-    dquad1 ddq 0x1A000000000000000
    38 00000037 00000000000000     
    39 00000047 00000000000000C002-    dquad2 ddq 0x2C000000000000000
    40 00000047 00000000000000     
    41 00000057 000000000000000000-    dqSum ddq 0
    42 00000057 00000000000000     
    43                                 
    44                                 [section .text]
    45                                 [global _start]
    46                                 _start:
    47                                 
    48                                 
    49 00000000 8A0425[00000000]        mov al, byte [b1]
    50 00000007 020425[00000000]        add al, byte [b2]
    51 0000000E 020425[00000000]        add al, byte [b3]
    52 00000015 020425[00000000]        add al, byte [b4]
    53                                 
    54                                 
    55 0000001C 8A0C25[00000000]        mov cl, byte [test_neg]
    56 00000023 020C25[00000000]        add cl, byte [test_neg2]
    57                                 
    58                                 
    59                                 
    60 0000002A 8A1C25[00000000]        mov bl, byte [b5]
    61 00000031 021C25[00000000]        add bl, byte [b6]
    62                                 
    63                                 
    64                                 
    65 00000038 8A0425[00000000]        mov al, byte [bNum1]
    66 0000003F 020425[00000000]        add al, byte [bNum2]
    67 00000046 880425[00000000]        mov byte [bAns], al
    68                                 
    69 0000004D 668B0425[00000000]      mov ax, word [wNum1]
    70 00000055 66030425[00000000]      add ax, word [wNum2]
    71 0000005D 66890425[00000000]      mov word [wNum1], ax
    72                                 
    73 00000065 8B0425[00000000]        mov eax, dWord [dNum1]
    74 0000006C 030425[00000000]        add eax, dWord [dNum2]
    75 00000073 890425[00000000]        mov dWord [dAns], eax
    76                                 
    77 0000007A 488B0425[00000000]      mov rax, qWord [qNum1]
    78 00000082 48030425[00000000]      add rax, qWord [qNum2]
    79 0000008A 48890425[00000000]      mov qWord [qAns], rax
    80                                 
    81 00000092 FEC0                    inc al
    82 00000094 66FFC0                  inc ax
    83 00000097 FF0425[00000000]        inc dWord [dAns]
    84 0000009E 48FF0425[00000000]      inc qWord [qAns]
    85 000000A6 48810425[00000000]-     add qWord [qAns], 300
    86 000000A6 2C010000           
    87                                 
    88 000000B2 488B0425[00000000]      mov rax, qWord [dquad1]
    89 000000BA 488B1425[08000000]      mov rdx, qWord [dquad1+8]
    90 000000C2 48030425[00000000]      add rax, qWord [dquad2]
    91 000000CA 48131425[08000000]      adc rdx, qWord [dquad2+8]
    92 000000D2 48890425[00000000]      mov qword [dqSum], rax
    93 000000DA 48891425[08000000]      mov qword [dqSum+8], rdx
    94                                 
    95                                 last:
    96 000000E2 48C7C03C000000          mov rax, SYS_EXIT
    97 000000E9 48C7C700000000          mov rdi, EXIT_SUCCESS
    98 000000F0 0F05                    syscall
