     1                                 %line 1+1 assembly/conversions.asm
     2                                 [section .data]
     3                                 
     4                                 
     5                                 EXIT_SUCCESS equ 0
     6                                 SYS_EXIT equ 60
     7                                 
     8                                 
     9 00000000 64                     bNumA db 100
    10 00000001 0000                   wNumA dw 0
    11 00000003 9C                     bNumB db -100
    12 00000004 00                     bNum3 db 0
    13 00000005 0000                   wNumB dw 0
    14 00000007 C800                   wNumC dw 200
    15 00000009 00                     bNumC db 0
    16 0000000A 409C000000000000       qNumD dq 40000
    17 00000012 0000                   wNumD dw 0
    18 00000014 09                     bNumE db 9
    19 00000015 0000000000000000       qNumE dq 0
    20 0000001D 0D                     bNumF db 13
    21 0000001E 40420F0000000000       qNumF dq 1000000
    22                                 
    23                                 
    24 00000026 00000000               dNumA dd 0
    25 0000002A 0000000000000000       qNumA dq 0
    26                                 
    27                                 [section .text]
    28                                 [global _start]
    29                                 _start:
    30                                 
    31                                 
    32 00000000 66B89CFF                mov ax, -100
    33 00000004 880425[00000000]        mov byte [bNum3], al
    34 0000000B 668B0425[00000000]      mov ax, word [wNumC]
    35 00000013 880425[00000000]        mov byte [bNumC], al
    36                                 
    37 0000001A 488B1C25[00000000]      mov rbx, qWord [qNumD]
    38 00000022 66891C25[00000000]      mov word [wNumD], bx
    39                                 
    40                                 
    41                                 
    42 0000002A 48C7C240420F00          mov rdx, 1000000
    43 00000031 8A0C25[00000000]        mov cl, byte [bNumE]
    44 00000038 48C7C200000000          mov rdx, 0
    45 0000003F 88CA                    mov dl, cl
    46 00000041 48891425[00000000]      mov qWord [qNumE], rdx
    47                                 
    48                                 
    49 00000049 488D3425[00000000]      lea rsi, qWord [qNumE]
    50                                 
    51 00000051 48C7C1D8162000          mov rcx, 2103000
    52 00000058 B378                    mov bl, 120
    53 0000005A 48C7C100000000          mov rcx, 0
    54 00000061 88D9                    mov cl, bl
    55                                 
    56 00000063 48C7C6CECA2300          mov rsi, 2345678
    57 0000006A 480FB63425[00000000]      movzx rsi, byte [bNumF]
    58                                 
    59 00000073 66B8F9FF                mov ax, -7
    60 00000077 98                      cwde
    61 00000078 66B8E6FF                mov ax, -26
    62 0000007C 0FBFD8                  movsx ebx, ax
    63 0000007F 891C25[00000000]        mov dWord [dNumA], ebx
    64 00000086 B9D08AFFFF              mov ecx, -30000
    65 0000008B 4863C9                  movsxd rcx, ecx
    66 0000008E 48890C25[00000000]      mov qWord [qNumA], rcx
    67                                 
    68                                 
    69                                 last:
    70 00000096 48C7C03C000000          mov rax, SYS_EXIT
    71 0000009D 48C7C700000000          mov rdi, EXIT_SUCCESS
    72 000000A4 0F05                    syscall
