     1                                 %line 1+1 assembly/s_multiplication.asm
     2                                 [section .data]
     3                                 SYS_EXIT equ 60
     4                                 EXIT_SUCCESS equ 0
     5                                 
     6 00000000 0A00                   w1 dw 10
     7 00000002 F6FF                   w2 dw -10
     8 00000004 0000                   w3 dw 0
     9                                 
    10 00000006 10A40000               d1 dd 42000
    11 0000000A 38CDFFFF               d2 dd -13000
    12 0000000E 00000000               dAns1 dd 0
    13 00000012 00000000               dAns2 dd 0
    14                                 
    15 00000016 C0D4010000000000       q1 dq 120000
    16 0000001E 907DFCFFFFFFFFFF       q2 dq -230000
    17 00000026 0000000000000000       qAns1 dq 0
    18 0000002E 0000000000000000       qAns2 dq 0
    19                                 
    20                                 [section .text]
    21                                 [global _start]
    22                                 _start:
    23                                 
    24 00000000 668B0425[00000000]      mov ax, word [w1]
    25 00000008 660FAF0425[00000000]      imul ax, word [w2]
    26 00000011 66890425[00000000]      mov word [w3], ax
    27                                 
    28 00000019 8B1C25[00000000]        mov ebx, dword [d1]
    29 00000020 6BDB71                  imul ebx, 113
    30 00000023 891C25[00000000]        mov dword [dAns1], ebx
    31                                 
    32 0000002A 8B0C25[00000000]        mov ecx, dword [d1]
    33 00000031 0FAF0C25[00000000]      imul ecx, dword [d2]
    34 00000039 890C25[00000000]        mov dword [dAns2], ecx
    35                                 
    36 00000040 48691425[00000000]-     imul rdx, qword [q1], 7096
    37 00000040 B81B0000           
    38 0000004C 48891425[00000000]      mov qword [qAns1], rdx
    39                                 
    40 00000054 4C8B0425[00000000]      mov r8, qword [q1]
    41 0000005C 4C0FAF0425[00000000]      imul r8, qword [q2]
    42 00000065 4C890425[00000000]      mov qword [qAns2], r8
    43                                 
    44 0000006D 48C7C000000000          mov rax, 0
    45                                 
    46                                 last:
    47 00000074 48C7C03C000000          mov rax, SYS_EXIT
    48 0000007B 48C7C700000000          mov rdi, EXIT_SUCCESS
    49 00000082 0F05                    syscall
